<?xml version="1.0" encoding="UTF-8"?>
<coverage generated="1510321172">
  <project timestamp="1510321172">
    <package name="Smajo\MailLogger\Commands">
      <file name="/Users/smajohusic/Privat/laravel-mail-logger/src/Commands/DeleteLogs.php">
        <class name="DeleteLogs" namespace="Smajo\MailLogger\Commands">
          <metrics complexity="1" methods="1" coveredmethods="1" conditionals="0" coveredconditionals="0" statements="7" coveredstatements="7" elements="8" coveredelements="8"/>
        </class>
        <line num="30" type="method" name="handle" visibility="public" complexity="1" crap="1" count="2"/>
        <line num="32" type="stmt" count="2"/>
        <line num="33" type="stmt" count="2"/>
        <line num="34" type="stmt" count="2"/>
        <line num="35" type="stmt" count="2"/>
        <line num="36" type="stmt" count="2"/>
        <line num="37" type="stmt" count="2"/>
        <line num="38" type="stmt" count="2"/>
        <metrics loc="39" ncloc="24" classes="1" methods="1" coveredmethods="1" conditionals="0" coveredconditionals="0" statements="7" coveredstatements="7" elements="8" coveredelements="8"/>
      </file>
    </package>
    <package name="Smajo\MailLogger\Exceptions">
      <file name="/Users/smajohusic/Privat/laravel-mail-logger/src/Exceptions/MailLogsTableNotFoundException.php">
        <class name="MailLogsTableNotFoundException" namespace="Smajo\MailLogger\Exceptions">
          <metrics complexity="0" methods="0" coveredmethods="0" conditionals="0" coveredconditionals="0" statements="0" coveredstatements="0" elements="0" coveredelements="0"/>
        </class>
        <metrics loc="9" ncloc="9" classes="0" methods="0" coveredmethods="0" conditionals="0" coveredconditionals="0" statements="0" coveredstatements="0" elements="0" coveredelements="0"/>
      </file>
    </package>
    <package name="Smajo\MailLogger\Jobs">
      <file name="/Users/smajohusic/Privat/laravel-mail-logger/src/Jobs/StoreMailEventToDatabase.php">
        <class name="StoreMailEventToDatabase" namespace="Smajo\MailLogger\Jobs">
          <metrics complexity="6" methods="3" coveredmethods="1" conditionals="0" coveredconditionals="0" statements="15" coveredstatements="13" elements="18" coveredelements="14"/>
        </class>
        <line num="21" type="method" name="__construct" visibility="public" complexity="1" crap="1" count="1"/>
        <line num="23" type="stmt" count="1"/>
        <line num="24" type="stmt" count="1"/>
        <line num="25" type="stmt" count="1"/>
        <line num="27" type="method" name="handle" visibility="public" complexity="2" crap="2.01" count="1"/>
        <line num="32" type="stmt" count="1"/>
        <line num="33" type="stmt" count="0"/>
        <line num="39" type="stmt" count="1"/>
        <line num="40" type="stmt" count="1"/>
        <line num="41" type="stmt" count="1"/>
        <line num="42" type="stmt" count="1"/>
        <line num="43" type="stmt" count="1"/>
        <line num="45" type="stmt" count="1"/>
        <line num="47" type="method" name="getCustomerEmail" visibility="private" complexity="3" crap="3.14" count="1"/>
        <line num="49" type="stmt" count="1"/>
        <line num="50" type="stmt" count="1"/>
        <line num="51" type="stmt" count="1"/>
        <line num="54" type="stmt" count="0"/>
        <metrics loc="55" ncloc="49" classes="1" methods="3" coveredmethods="1" conditionals="0" coveredconditionals="0" statements="15" coveredstatements="13" elements="18" coveredelements="14"/>
      </file>
    </package>
    <package name="Smajo\MailLogger">
      <file name="/Users/smajohusic/Privat/laravel-mail-logger/src/MailLogServiceProvider.php">
        <class name="MailLogServiceProvider" namespace="Smajo\MailLogger">
          <metrics complexity="5" methods="4" coveredmethods="3" conditionals="0" coveredconditionals="0" statements="10" coveredstatements="9" elements="14" coveredelements="12"/>
        </class>
        <line num="13" type="method" name="boot" visibility="public" complexity="2" crap="2" count="3"/>
        <line num="18" type="stmt" count="3"/>
        <line num="23" type="stmt" count="3"/>
        <line num="28" type="method" name="anonymousFunction:28#131" complexity="1" crap="1.12" count="3"/>
        <line num="29" type="stmt" count="0"/>
        <line num="30" type="stmt" count="3"/>
        <line num="32" type="stmt" count="3"/>
        <line num="33" type="method" name="anonymousFunction:33#184" complexity="1" crap="1" count="3"/>
        <line num="34" type="stmt" count="3"/>
        <line num="35" type="stmt" count="3"/>
        <line num="36" type="stmt" count="3"/>
        <line num="38" type="stmt" count="3"/>
        <line num="40" type="method" name="register" visibility="public" complexity="1" crap="1" count="3"/>
        <line num="45" type="stmt" count="3"/>
        <line num="46" type="stmt" count="3"/>
        <line num="48" type="stmt" count="3"/>
        <metrics loc="49" ncloc="37" classes="1" methods="4" coveredmethods="3" conditionals="0" coveredconditionals="0" statements="12" coveredstatements="11" elements="16" coveredelements="14"/>
      </file>
    </package>
    <package name="Smajo\MailLogger\Models">
      <file name="/Users/smajohusic/Privat/laravel-mail-logger/src/Models/MailLog.php">
        <class name="MailLog" namespace="Smajo\MailLogger\Models">
          <metrics complexity="0" methods="0" coveredmethods="0" conditionals="0" coveredconditionals="0" statements="0" coveredstatements="0" elements="0" coveredelements="0"/>
        </class>
        <metrics loc="10" ncloc="10" classes="0" methods="0" coveredmethods="0" conditionals="0" coveredconditionals="0" statements="0" coveredstatements="0" elements="0" coveredelements="0"/>
      </file>
    </package>
    <file name="/Users/smajohusic/Privat/laravel-mail-logger/src/migrations/2016_12_29_141515_create_mail_logs_table.php">
      <class name="CreateMailLogsTable" namespace="global">
        <metrics complexity="3" methods="3" coveredmethods="0" conditionals="0" coveredconditionals="0" statements="11" coveredstatements="0" elements="14" coveredelements="0"/>
      </class>
      <line num="14" type="method" name="up" visibility="public" complexity="1" crap="2" count="0"/>
      <line num="15" type="stmt" count="0"/>
      <line num="16" type="method" name="anonymousFunction:16#64" complexity="1" crap="2" count="0"/>
      <line num="17" type="stmt" count="0"/>
      <line num="18" type="stmt" count="0"/>
      <line num="19" type="stmt" count="0"/>
      <line num="20" type="stmt" count="0"/>
      <line num="21" type="stmt" count="0"/>
      <line num="22" type="stmt" count="0"/>
      <line num="23" type="stmt" count="0"/>
      <line num="24" type="stmt" count="0"/>
      <line num="31" type="method" name="down" visibility="public" complexity="1" crap="2" count="0"/>
      <line num="32" type="stmt" count="0"/>
      <line num="33" type="stmt" count="0"/>
      <line num="34" type="stmt" count="0"/>
      <metrics loc="35" ncloc="25" classes="1" methods="3" coveredmethods="0" conditionals="0" coveredconditionals="0" statements="12" coveredstatements="0" elements="15" coveredelements="0"/>
    </file>
    <metrics files="6" loc="197" ncloc="154" classes="4" methods="11" coveredmethods="5" conditionals="0" coveredconditionals="0" statements="46" coveredstatements="31" elements="57" coveredelements="36"/>
  </project>
</coverage>
