<?xml version="1.0" encoding="UTF-8"?>
<testsuites>
  <testsuite name="Test Suite" tests="2" assertions="3" errors="0" failures="0" skipped="0" time="0.431782">
    <testsuite name="Smajo\MailLogger\Test\BaseTest" file="/Users/smajohusic/Privat/laravel-mail-logger/tests/BaseTest.php" tests="2" assertions="3" errors="0" failures="0" skipped="0" time="0.431782">
      <testcase name="testCreate" class="Smajo\MailLogger\Test\BaseTest" classname="Smajo.MailLogger.Test.BaseTest" file="/Users/smajohusic/Privat/laravel-mail-logger/tests/BaseTest.php" line="11" assertions="1" time="0.244322"/>
      <testcase name="testDelete" class="Smajo\MailLogger\Test\BaseTest" classname="Smajo.MailLogger.Test.BaseTest" file="/Users/smajohusic/Privat/laravel-mail-logger/tests/BaseTest.php" line="22" assertions="2" time="0.187460"/>
    </testsuite>
  </testsuite>
</testsuites>
